2018-12-03 11:52:59 1064 [Note] Plugin 'FEDERATED' is disabled.
2018-12-03 11:52:59 1064 [Note] InnoDB: The InnoDB memory heap is disabled
2018-12-03 11:52:59 1064 [Note] InnoDB: Mutexes and rw_locks use Windows interlocked functions
2018-12-03 11:52:59 1064 [Note] InnoDB: Compressed tables use zlib 1.2.3
2018-12-03 11:52:59 1064 [Note] InnoDB: Not using CPU crc32 instructions
2018-12-03 11:52:59 1064 [Note] InnoDB: Initializing buffer pool, size = 128.0M
2018-12-03 11:52:59 1064 [Note] InnoDB: Completed initialization of buffer pool
2018-12-03 11:52:59 1064 [Note] InnoDB: Setting log file C:\Users\SMY14093931\Documents\neueda-springboot-AaronSmyth\usbwebserver\mysql\data\ib_logfile101 size to 5 MB
2018-12-03 11:52:59 1064 [Note] InnoDB: Setting log file C:\Users\SMY14093931\Documents\neueda-springboot-AaronSmyth\usbwebserver\mysql\data\ib_logfile1 size to 5 MB
2018-12-03 11:52:59 1064 [Note] InnoDB: Renaming log file C:\Users\SMY14093931\Documents\neueda-springboot-AaronSmyth\usbwebserver\mysql\data\ib_logfile101 to C:\Users\SMY14093931\Documents\neueda-springboot-AaronSmyth\usbwebserver\mysql\data\ib_logfile0
2018-12-03 11:52:59 1064 [Warning] InnoDB: New log files created, LSN=1626134
2018-12-03 11:52:59 1064 [Note] InnoDB: Highest supported file format is Barracuda.
2018-12-03 11:52:59 1064 [Note] InnoDB: 128 rollback segment(s) are active.
2018-12-03 11:52:59 1064 [Note] InnoDB: Waiting for purge to start
2018-12-03 11:52:59 1064 [Note] InnoDB: 5.6.13 started; log sequence number 1626636
2018-12-03 11:52:59 1064 [Warning] No existing UUID has been found, so we assume that this is the first time that this server has been started. Generating a new UUID: fb588c9b-f6f1-11e8-a7d0-40a8f03f38a4.
2018-12-03 11:52:59 1064 [Note] Server hostname (bind-address): '*'; port: 3307
2018-12-03 11:52:59 1064 [Note] IPv6 is available.
2018-12-03 11:52:59 1064 [Note]   - '::' resolves to '::';
2018-12-03 11:52:59 1064 [Note] Server socket created on IP: '::'.
2018-12-03 12:14:21 9804 [Note] Plugin 'FEDERATED' is disabled.
2018-12-03 12:14:21 9804 [Note] InnoDB: The InnoDB memory heap is disabled
2018-12-03 12:14:21 9804 [Note] InnoDB: Mutexes and rw_locks use Windows interlocked functions
2018-12-03 12:14:21 9804 [Note] InnoDB: Compressed tables use zlib 1.2.3
2018-12-03 12:14:21 9804 [Note] InnoDB: Not using CPU crc32 instructions
2018-12-03 12:14:21 9804 [Note] InnoDB: Initializing buffer pool, size = 128.0M
2018-12-03 12:14:21 9804 [Note] InnoDB: Completed initialization of buffer pool
2018-12-03 12:14:21 9804 [Note] InnoDB: Highest supported file format is Barracuda.
2018-12-03 12:14:21 9804 [Note] InnoDB: The log sequence numbers 1626134 and 1626134 in ibdata files do not match the log sequence number 1626646 in the ib_logfiles!
2018-12-03 12:14:21 9804 [Note] InnoDB: Database was not shutdown normally!
2018-12-03 12:14:21 9804 [Note] InnoDB: Starting crash recovery.
2018-12-03 12:14:21 9804 [Note] InnoDB: Reading tablespace information from the .ibd files...
2018-12-03 12:14:21 9804 [Note] InnoDB: Restoring possible half-written data pages 
2018-12-03 12:14:21 9804 [Note] InnoDB: from the doublewrite buffer...
2018-12-03 12:14:22 9804 [Note] InnoDB: 128 rollback segment(s) are active.
2018-12-03 12:14:22 9804 [Note] InnoDB: Waiting for purge to start
2018-12-03 12:14:22 9804 [Note] InnoDB: 5.6.13 started; log sequence number 1626646
2018-12-03 12:14:22 9804 [Note] Server hostname (bind-address): '*'; port: 3306
2018-12-03 12:14:22 9804 [Note] IPv6 is available.
2018-12-03 12:14:22 9804 [Note]   - '::' resolves to '::';
2018-12-03 12:14:22 9804 [Note] Server socket created on IP: '::'.
2018-12-03 12:15:17 5056 [Note] Plugin 'FEDERATED' is disabled.
2018-12-03 12:15:17 5056 [Note] InnoDB: The InnoDB memory heap is disabled
2018-12-03 12:15:17 5056 [Note] InnoDB: Mutexes and rw_locks use Windows interlocked functions
2018-12-03 12:15:17 5056 [Note] InnoDB: Compressed tables use zlib 1.2.3
2018-12-03 12:15:17 5056 [Note] InnoDB: Not using CPU crc32 instructions
2018-12-03 12:15:17 5056 [Note] InnoDB: Initializing buffer pool, size = 128.0M
2018-12-03 12:15:17 5056 [Note] InnoDB: Completed initialization of buffer pool
2018-12-03 12:15:17 5056 [Note] InnoDB: Highest supported file format is Barracuda.
2018-12-03 12:15:17 5056 [Note] InnoDB: The log sequence numbers 1626134 and 1626134 in ibdata files do not match the log sequence number 1626656 in the ib_logfiles!
2018-12-03 12:15:17 5056 [Note] InnoDB: Database was not shutdown normally!
2018-12-03 12:15:17 5056 [Note] InnoDB: Starting crash recovery.
2018-12-03 12:15:17 5056 [Note] InnoDB: Reading tablespace information from the .ibd files...
2018-12-03 12:15:17 5056 [Note] InnoDB: Restoring possible half-written data pages 
2018-12-03 12:15:17 5056 [Note] InnoDB: from the doublewrite buffer...
2018-12-03 12:15:18 5056 [Note] InnoDB: 128 rollback segment(s) are active.
2018-12-03 12:15:18 5056 [Note] InnoDB: Waiting for purge to start
2018-12-03 12:15:18 5056 [Note] InnoDB: 5.6.13 started; log sequence number 1626656
2018-12-03 12:15:18 5056 [Note] Server hostname (bind-address): '*'; port: 3306
2018-12-03 12:15:18 5056 [Note] IPv6 is available.
2018-12-03 12:15:18 5056 [Note]   - '::' resolves to '::';
2018-12-03 12:15:18 5056 [Note] Server socket created on IP: '::'.
2018-12-03 14:13:24 2800 [Note] Plugin 'FEDERATED' is disabled.
2018-12-03 14:13:24 2800 [Note] InnoDB: The InnoDB memory heap is disabled
2018-12-03 14:13:24 2800 [Note] InnoDB: Mutexes and rw_locks use Windows interlocked functions
2018-12-03 14:13:24 2800 [Note] InnoDB: Compressed tables use zlib 1.2.3
2018-12-03 14:13:24 2800 [Note] InnoDB: Not using CPU crc32 instructions
2018-12-03 14:13:24 2800 [Note] InnoDB: Initializing buffer pool, size = 128.0M
2018-12-03 14:13:24 2800 [Note] InnoDB: Completed initialization of buffer pool
2018-12-03 14:13:24 2800 [Note] InnoDB: Highest supported file format is Barracuda.
2018-12-03 14:13:24 2800 [Note] InnoDB: The log sequence numbers 1626134 and 1626134 in ibdata files do not match the log sequence number 1626666 in the ib_logfiles!
2018-12-03 14:13:24 2800 [Note] InnoDB: Database was not shutdown normally!
2018-12-03 14:13:24 2800 [Note] InnoDB: Starting crash recovery.
2018-12-03 14:13:24 2800 [Note] InnoDB: Reading tablespace information from the .ibd files...
2018-12-03 14:13:24 2800 [Note] InnoDB: Restoring possible half-written data pages 
2018-12-03 14:13:24 2800 [Note] InnoDB: from the doublewrite buffer...
2018-12-03 14:13:24 2800 [Note] InnoDB: 128 rollback segment(s) are active.
2018-12-03 14:13:24 2800 [Note] InnoDB: Waiting for purge to start
2018-12-03 14:13:24 2800 [Note] InnoDB: 5.6.13 started; log sequence number 1626666
2018-12-03 14:13:24 2800 [Note] Server hostname (bind-address): '*'; port: 3306
2018-12-03 14:13:24 2800 [Note] IPv6 is available.
2018-12-03 14:13:24 2800 [Note]   - '::' resolves to '::';
2018-12-03 14:13:24 2800 [Note] Server socket created on IP: '::'.
2018-12-03 14:13:27 7840 [Note] Plugin 'FEDERATED' is disabled.
2018-12-03 14:13:27 7840 [Note] InnoDB: The InnoDB memory heap is disabled
2018-12-03 14:13:27 7840 [Note] InnoDB: Mutexes and rw_locks use Windows interlocked functions
2018-12-03 14:13:27 7840 [Note] InnoDB: Compressed tables use zlib 1.2.3
2018-12-03 14:13:27 7840 [Note] InnoDB: Not using CPU crc32 instructions
2018-12-03 14:13:27 7840 [Note] InnoDB: Initializing buffer pool, size = 128.0M
2018-12-03 14:13:27 7840 [Note] InnoDB: Completed initialization of buffer pool
2018-12-03 14:13:27 7840 [ERROR] InnoDB: C:\Users\SMY14093931\Documents\neueda-springboot-AaronSmyth\usbwebserver\mysql\data\ibdata1 can't be opened in read-write mode
2018-12-03 14:13:27 7840 [ERROR] InnoDB: The system tablespace must be writable!
2018-12-03 14:13:27 7840 [ERROR] Plugin 'InnoDB' init function returned error.
2018-12-03 14:13:27 7840 [ERROR] Plugin 'InnoDB' registration as a STORAGE ENGINE failed.
2018-12-03 14:13:27 7840 [ERROR] Unknown/unsupported storage engine: InnoDB
2018-12-03 14:13:27 7840 [ERROR] Aborting

2018-12-03 14:13:27 7840 [Note] Binlog end
2018-12-03 14:13:27 7840 [Note] Shutting down plugin 'partition'
2018-12-03 14:13:27 7840 [Note] Shutting down plugin 'PERFORMANCE_SCHEMA'
2018-12-03 14:13:27 7840 [Note] Shutting down plugin 'INNODB_SYS_DATAFILES'
2018-12-03 14:13:27 7840 [Note] Shutting down plugin 'INNODB_SYS_TABLESPACES'
2018-12-03 14:13:27 7840 [Note] Shutting down plugin 'INNODB_SYS_FOREIGN_COLS'
2018-12-03 14:13:27 7840 [Note] Shutting down plugin 'INNODB_SYS_FOREIGN'
2018-12-03 14:13:27 7840 [Note] Shutting down plugin 'INNODB_SYS_FIELDS'
2018-12-03 14:13:27 7840 [Note] Shutting down plugin 'INNODB_SYS_COLUMNS'
2018-12-03 14:13:27 7840 [Note] Shutting down plugin 'INNODB_SYS_INDEXES'
2018-12-03 14:13:27 7840 [Note] Shutting down plugin 'INNODB_SYS_TABLESTATS'
2018-12-03 14:13:27 7840 [Note] Shutting down plugin 'INNODB_SYS_TABLES'
2018-12-03 14:13:27 7840 [Note] Shutting down plugin 'INNODB_FT_INDEX_TABLE'
2018-12-03 14:13:27 7840 [Note] Shutting down plugin 'INNODB_FT_INDEX_CACHE'
2018-12-03 14:13:27 7840 [Note] Shutting down plugin 'INNODB_FT_CONFIG'
2018-12-03 14:13:27 7840 [Note] Shutting down plugin 'INNODB_FT_BEING_DELETED'
2018-12-03 14:13:27 7840 [Note] Shutting down plugin 'INNODB_FT_DELETED'
2018-12-03 14:13:27 7840 [Note] Shutting down plugin 'INNODB_FT_DEFAULT_STOPWORD'
2018-12-03 14:13:27 7840 [Note] Shutting down plugin 'INNODB_METRICS'
2018-12-03 14:13:27 7840 [Note] Shutting down plugin 'INNODB_BUFFER_POOL_STATS'
2018-12-03 14:13:27 7840 [Note] Shutting down plugin 'INNODB_BUFFER_PAGE_LRU'
2018-12-03 14:13:27 7840 [Note] Shutting down plugin 'INNODB_BUFFER_PAGE'
2018-12-03 14:13:27 7840 [Note] Shutting down plugin 'INNODB_CMP_PER_INDEX_RESET'
2018-12-03 14:13:27 7840 [Note] Shutting down plugin 'INNODB_CMP_PER_INDEX'
2018-12-03 14:13:27 7840 [Note] Shutting down plugin 'INNODB_CMPMEM_RESET'
2018-12-03 14:13:27 7840 [Note] Shutting down plugin 'INNODB_CMPMEM'
2018-12-03 14:13:27 7840 [Note] Shutting down plugin 'INNODB_CMP_RESET'
2018-12-03 14:13:27 7840 [Note] Shutting down plugin 'INNODB_CMP'
2018-12-03 14:13:27 7840 [Note] Shutting down plugin 'INNODB_LOCK_WAITS'
2018-12-03 14:13:27 7840 [Note] Shutting down plugin 'INNODB_LOCKS'
2018-12-03 14:13:27 7840 [Note] Shutting down plugin 'INNODB_TRX'
2018-12-03 14:13:27 7840 [Note] Shutting down plugin 'BLACKHOLE'
2018-12-03 14:13:27 7840 [Note] Shutting down plugin 'ARCHIVE'
2018-12-03 14:13:27 7840 [Note] Shutting down plugin 'MRG_MYISAM'
2018-12-03 14:13:27 7840 [Note] Shutting down plugin 'MyISAM'
2018-12-03 14:13:27 7840 [Note] Shutting down plugin 'MEMORY'
2018-12-03 14:13:27 7840 [Note] Shutting down plugin 'CSV'
2018-12-03 14:13:27 7840 [Note] Shutting down plugin 'sha256_password'
2018-12-03 14:13:27 7840 [Note] Shutting down plugin 'mysql_old_password'
2018-12-03 14:13:27 7840 [Note] Shutting down plugin 'mysql_native_password'
2018-12-03 14:13:27 7840 [Note] Shutting down plugin 'binlog'
2018-12-03 14:13:27 7840 [Note] C:\Users\SMY14093931\Documents\neueda-springboot-AaronSmyth\usbwebserver/mysql/bin/mysqld_usbwv8.exe: Shutdown complete

2018-12-04 10:01:17 7408 [Note] Plugin 'FEDERATED' is disabled.
2018-12-04 10:01:17 7408 [Note] InnoDB: The InnoDB memory heap is disabled
2018-12-04 10:01:17 7408 [Note] InnoDB: Mutexes and rw_locks use Windows interlocked functions
2018-12-04 10:01:17 7408 [Note] InnoDB: Compressed tables use zlib 1.2.3
2018-12-04 10:01:17 7408 [Note] InnoDB: Not using CPU crc32 instructions
2018-12-04 10:01:17 7408 [Note] InnoDB: Initializing buffer pool, size = 128.0M
2018-12-04 10:01:17 7408 [Note] InnoDB: Completed initialization of buffer pool
2018-12-04 10:01:17 7408 [Note] InnoDB: Highest supported file format is Barracuda.
2018-12-04 10:01:17 7408 [Note] InnoDB: The log sequence numbers 1626134 and 1626134 in ibdata files do not match the log sequence number 1626676 in the ib_logfiles!
2018-12-04 10:01:17 7408 [Note] InnoDB: Database was not shutdown normally!
2018-12-04 10:01:17 7408 [Note] InnoDB: Starting crash recovery.
2018-12-04 10:01:17 7408 [Note] InnoDB: Reading tablespace information from the .ibd files...
2018-12-04 10:01:17 7408 [Note] InnoDB: Restoring possible half-written data pages 
2018-12-04 10:01:17 7408 [Note] InnoDB: from the doublewrite buffer...
2018-12-04 10:01:18 7408 [Note] InnoDB: 128 rollback segment(s) are active.
2018-12-04 10:01:18 7408 [Note] InnoDB: Waiting for purge to start
2018-12-04 10:01:18 7408 [Note] InnoDB: 5.6.13 started; log sequence number 1626676
2018-12-04 10:01:18 7408 [Note] Server hostname (bind-address): '*'; port: 3306
2018-12-04 10:01:18 7408 [Note] IPv6 is available.
2018-12-04 10:01:18 7408 [Note]   - '::' resolves to '::';
2018-12-04 10:01:18 7408 [Note] Server socket created on IP: '::'.
2018-12-05 08:50:00 11020 [Note] Plugin 'FEDERATED' is disabled.
2018-12-05 08:50:00 11020 [Note] InnoDB: The InnoDB memory heap is disabled
2018-12-05 08:50:00 11020 [Note] InnoDB: Mutexes and rw_locks use Windows interlocked functions
2018-12-05 08:50:00 11020 [Note] InnoDB: Compressed tables use zlib 1.2.3
2018-12-05 08:50:00 11020 [Note] InnoDB: Not using CPU crc32 instructions
2018-12-05 08:50:00 11020 [Note] InnoDB: Initializing buffer pool, size = 128.0M
2018-12-05 08:50:00 11020 [Note] InnoDB: Completed initialization of buffer pool
2018-12-05 08:50:02 11020 [Note] InnoDB: Highest supported file format is Barracuda.
2018-12-05 08:50:02 11020 [Note] InnoDB: The log sequence numbers 1626134 and 1626134 in ibdata files do not match the log sequence number 1626686 in the ib_logfiles!
2018-12-05 08:50:02 11020 [Note] InnoDB: Database was not shutdown normally!
2018-12-05 08:50:02 11020 [Note] InnoDB: Starting crash recovery.
2018-12-05 08:50:02 11020 [Note] InnoDB: Reading tablespace information from the .ibd files...
2018-12-05 08:50:02 11020 [Note] InnoDB: Restoring possible half-written data pages 
2018-12-05 08:50:02 11020 [Note] InnoDB: from the doublewrite buffer...
2018-12-05 08:50:17 11020 [Note] InnoDB: 128 rollback segment(s) are active.
2018-12-05 08:50:18 11020 [Note] InnoDB: Waiting for purge to start
2018-12-05 08:50:18 11020 [Note] InnoDB: 5.6.13 started; log sequence number 1626686
2018-12-05 08:50:19 11020 [Note] Server hostname (bind-address): '*'; port: 3306
2018-12-05 08:50:19 11020 [Note] IPv6 is available.
2018-12-05 08:50:19 11020 [Note]   - '::' resolves to '::';
2018-12-05 08:50:19 11020 [Note] Server socket created on IP: '::'.
